<?xml version="1.0" encoding="UTF-8"?>
<!-- Generated by org.testng.reporters.JUnitReportReporter -->
<testsuite hostname="DESKTOP-CTFHE6L" failures="0" tests="1" name="testrunners.EmployeeRegTest" time="11.938" errors="0" timestamp="2023-09-17T00:23:33 IST" skipped="0">
  <testcase classname="testrunners.EmployeeRegTest" name="runScenario" time="11.938"/>
  <system-out/>
</testsuite> <!-- testrunners.EmployeeRegTest -->
