<?xml version="1.0" encoding="UTF-8"?>
<!-- Generated by org.testng.reporters.JUnitReportReporter -->
<testsuite hostname="DESKTOP-CTFHE6L" failures="0" tests="7" name="testrunners.AdminLoginTest" time="41.870" errors="0" timestamp="2023-09-17T00:23:33 IST" skipped="0">
  <testcase classname="testrunners.AdminLoginTest" name="runScenario" time="6.806"/>
  <system-out/>
  <testcase classname="testrunners.AdminLoginTest" name="runScenario" time="3.336"/>
  <system-out/>
  <testcase classname="testrunners.AdminLoginTest" name="runScenario" time="5.132"/>
  <system-out/>
  <testcase classname="testrunners.AdminLoginTest" name="runScenario" time="8.021"/>
  <system-out/>
  <testcase classname="testrunners.AdminLoginTest" name="runScenario" time="5.570"/>
  <system-out/>
  <testcase classname="testrunners.AdminLoginTest" name="runScenario" time="7.023"/>
  <system-out/>
  <testcase classname="testrunners.AdminLoginTest" name="runScenario" time="5.982"/>
  <system-out/>
</testsuite> <!-- testrunners.AdminLoginTest -->
