<?xml version="1.0" encoding="UTF-8"?>
<!-- Generated by org.testng.reporters.JUnitReportReporter -->
<testsuite hostname="DESKTOP-CTFHE6L" failures="0" tests="1" name="GmailTest.ReceiveMailTestCase" time="0.001" errors="0" timestamp="05 Sep 2023 03:07:41 GMT" skipped="0">
  <testcase classname="GmailTest.ReceiveMailTestCase" name="Receivedmail" time="0.001"/>
</testsuite> <!-- GmailTest.ReceiveMailTestCase -->
