<?xml version="1.0" encoding="UTF-8"?>
<!-- Generated by org.testng.reporters.JUnitReportReporter -->
<testsuite hostname="DESKTOP-CTFHE6L" failures="0" tests="1" name="GmailTest.sendmailtest" time="0.007" errors="0" timestamp="04 Sep 2023 17:18:53 GMT" skipped="0">
  <testcase classname="GmailTest.sendmailtest" name="test1" time="0.007"/>
</testsuite> <!-- GmailTest.sendmailtest -->
