<?xml version="1.0" encoding="UTF-8"?>
<!-- Generated by org.testng.reporters.JUnitReportReporter -->
<testsuite hostname="DESKTOP-CTFHE6L" failures="0" tests="1" name="orangehrm.testcases.AdminLoginTestWithValidData" time="2.971" errors="0" timestamp="06 Sep 2023 05:47:41 GMT" skipped="0">
  <testcase classname="orangehrm.testcases.AdminLoginTestWithValidData" name="CheckAdminLogin" time="2.971"/>
</testsuite> <!-- orangehrm.testcases.AdminLoginTestWithValidData -->
