<?xml version="1.0" encoding="UTF-8"?>
<!-- Generated by org.testng.reporters.JUnitReportReporter -->
<testsuite hostname="DESKTOP-CTFHE6L" failures="0" tests="1" name="orangehrm.testcases.AdminLoginTestWithInvalidData" time="0.674" errors="0" timestamp="06 Sep 2023 05:47:41 GMT" skipped="0">
  <testcase classname="orangehrm.testcases.AdminLoginTestWithInvalidData" name="AdminLogin" time="0.674"/>
</testsuite> <!-- orangehrm.testcases.AdminLoginTestWithInvalidData -->
